What operation you want to preform.......

1.Interest Calculation
2.Construction cost Estimation
Enter your option : 
What operation you want to preform.......

1.Interest Calculation
2.Construction cost Estimation
Enter your option : 

1.Simple Interest
2.Compond Interest
Enter your option : 

Enter Principal Amount : 

Enter Rate of Interest : 

Enter Time period : 

Total Interest : 80.0 INR.

Total Amount : 2080.0 INR.

What operation you want to preform.......

1.Interest Calculation
2.Construction cost Estimation
Enter your option : 

1.Simple Interest
2.Compond Interest
Enter your option : 

Enter Principal Amount : 

Enter Rate of Interest : 

Enter Time period : 

Enter number of times interest to be calculated : 

Total Interest : 1295000.0 INR.

Total Amount : 1296000.0 INR.

What operation you want to preform.......

1.Interest Calculation
2.Construction cost Estimation
Enter your option : 

1.Simple Interest
2.Compond Interest
Enter your option : 

Enter Principal Amount : 
What operation you want to preform.......

1.Interest Calculation
2.Construction cost Estimation
Enter your option : 

1.Simple Interest
2.Compound Interest
Enter your option : 

Enter Principal Amount : 

Enter Rate of Interest : 

Enter Time period : 

Enter number of times interest to be calculated : 

Total Interest : 300000.0 INR.

Total Amount : 320000.0 INR.

